{"contracts/airdrop/interfaces/IMerkleDrop.sol":{"l":{},"path":"/Users/levy/files/projects/ethdev/firewood/common/contracts/airdrop/interfaces/IMerkleDrop.sol","s":{},"b":{},"f":{},"fnMap":{},"statementMap":{},"branchMap":{}},"contracts/airdrop/MerkleDrop.sol":{"l":{"23":3,"24":3,"27":1,"31":0,"35":0,"39":1,"40":1,"41":1,"42":1,"43":0,"44":0,"45":0},"path":"/Users/levy/files/projects/ethdev/firewood/common/contracts/airdrop/MerkleDrop.sol","s":{"1":3,"2":3,"3":1,"4":0,"5":0,"6":1,"7":1,"8":1,"9":1,"10":0,"11":0,"12":0},"b":{"1":[1,0],"2":[0,1],"3":[0,0]},"f":{"1":3,"2":1,"3":0,"4":0,"5":1},"fnMap":{"1":{"name":"constructor","line":22,"loc":{"start":{"line":22,"column":4},"end":{"line":25,"column":4}}},"2":{"name":"isClaimed","line":26,"loc":{"start":{"line":26,"column":4},"end":{"line":28,"column":4}}},"3":{"name":"setMerkleRoot","line":30,"loc":{"start":{"line":30,"column":4},"end":{"line":32,"column":4}}},"4":{"name":"setToken","line":34,"loc":{"start":{"line":34,"column":4},"end":{"line":36,"column":4}}},"5":{"name":"claim","line":38,"loc":{"start":{"line":38,"column":4},"end":{"line":46,"column":4}}}},"statementMap":{"1":{"start":{"line":23,"column":8},"end":{"line":23,"column":21}},"2":{"start":{"line":24,"column":8},"end":{"line":24,"column":31}},"3":{"start":{"line":27,"column":8},"end":{"line":27,"column":35}},"4":{"start":{"line":31,"column":8},"end":{"line":31,"column":31}},"5":{"start":{"line":35,"column":8},"end":{"line":35,"column":21}},"6":{"start":{"line":39,"column":8},"end":{"line":39,"column":66}},"7":{"start":{"line":40,"column":8},"end":{"line":40,"column":61}},"8":{"start":{"line":41,"column":8},"end":{"line":41,"column":70}},"9":{"start":{"line":42,"column":8},"end":{"line":42,"column":55}},"10":{"start":{"line":43,"column":8},"end":{"line":43,"column":27}},"11":{"start":{"line":44,"column":8},"end":{"line":44,"column":97}},"12":{"start":{"line":45,"column":8},"end":{"line":45,"column":44}}},"branchMap":{"1":{"line":39,"type":"if","locations":[{"start":{"line":39,"column":8},"end":{"line":39,"column":8}},{"start":{"line":39,"column":8},"end":{"line":39,"column":8}}]},"2":{"line":42,"type":"if","locations":[{"start":{"line":42,"column":8},"end":{"line":42,"column":8}},{"start":{"line":42,"column":8},"end":{"line":42,"column":8}}]},"3":{"line":44,"type":"if","locations":[{"start":{"line":44,"column":8},"end":{"line":44,"column":8}},{"start":{"line":44,"column":8},"end":{"line":44,"column":8}}]}}},"contracts/airdrop/MockERC20.sol":{"l":{"8":3},"path":"/Users/levy/files/projects/ethdev/firewood/common/contracts/airdrop/MockERC20.sol","s":{"1":3},"b":{},"f":{"1":3},"fnMap":{"1":{"name":"constructor","line":7,"loc":{"start":{"line":7,"column":4},"end":{"line":9,"column":4}}}},"statementMap":{"1":{"start":{"line":8,"column":8},"end":{"line":8,"column":38}}},"branchMap":{}},"contracts/deploy-plugin/DeployToken.sol":{"l":{"9":0},"path":"/Users/levy/files/projects/ethdev/firewood/common/contracts/deploy-plugin/DeployToken.sol","s":{"1":0},"b":{},"f":{"1":0},"fnMap":{"1":{"name":"constructor","line":8,"loc":{"start":{"line":8,"column":4},"end":{"line":10,"column":4}}}},"statementMap":{"1":{"start":{"line":9,"column":8},"end":{"line":9,"column":39}}},"branchMap":{}},"contracts/gasless/AcceptEverythingPaymaster.sol":{"l":{"14":0,"28":0,"29":0,"38":0},"path":"/Users/levy/files/projects/ethdev/firewood/common/contracts/gasless/AcceptEverythingPaymaster.sol","s":{"1":0,"2":0},"b":{},"f":{"1":0,"2":0,"3":0},"fnMap":{"1":{"name":"versionPaymaster","line":7,"loc":{"start":{"line":7,"column":4},"end":{"line":15,"column":4}}},"2":{"name":"preRelayedCall","line":17,"loc":{"start":{"line":17,"column":4},"end":{"line":30,"column":4}}},"3":{"name":"postRelayedCall","line":32,"loc":{"start":{"line":32,"column":4},"end":{"line":39,"column":4}}}},"statementMap":{"1":{"start":{"line":14,"column":8},"end":{"line":14,"column":58}},"2":{"start":{"line":29,"column":8},"end":{"line":29,"column":26}}},"branchMap":{}},"contracts/gasless/CounterRecipient.sol":{"l":{"11":0,"15":0,"19":0,"20":0},"path":"/Users/levy/files/projects/ethdev/firewood/common/contracts/gasless/CounterRecipient.sol","s":{"1":0,"2":0,"3":0},"b":{},"f":{"1":0,"2":0,"3":0},"fnMap":{"1":{"name":"constructor","line":10,"loc":{"start":{"line":10,"column":4},"end":{"line":12,"column":4}}},"2":{"name":"versionRecipient","line":14,"loc":{"start":{"line":14,"column":4},"end":{"line":16,"column":4}}},"3":{"name":"increment","line":18,"loc":{"start":{"line":18,"column":4},"end":{"line":21,"column":4}}}},"statementMap":{"1":{"start":{"line":11,"column":8},"end":{"line":11,"column":39}},"2":{"start":{"line":15,"column":8},"end":{"line":15,"column":22}},"3":{"start":{"line":20,"column":8},"end":{"line":20,"column":32}}},"branchMap":{}},"contracts/gasless/MyPaymaster.sol":{"l":{"27":0,"31":0,"32":0,"33":0,"37":0,"38":0,"39":0,"53":0,"54":0,"55":0,"56":0,"60":0,"61":0,"66":0,"67":0,"72":0,"73":0,"82":0,"83":0},"path":"/Users/levy/files/projects/ethdev/firewood/common/contracts/gasless/MyPaymaster.sol","s":{"1":0,"2":0,"3":0,"4":0,"5":0,"6":0,"7":0,"8":0,"9":0,"10":0,"11":0,"12":0,"13":0,"14":0,"15":0,"16":0,"17":0},"b":{"1":[0,0],"2":[0,0],"3":[0,0],"4":[0,0],"5":[0,0],"6":[0,0]},"f":{"1":0,"2":0,"3":0,"4":0,"5":0},"fnMap":{"1":{"name":"versionPaymaster","line":20,"loc":{"start":{"line":20,"column":4},"end":{"line":28,"column":4}}},"2":{"name":"setSenderWhitelist","line":30,"loc":{"start":{"line":30,"column":4},"end":{"line":34,"column":4}}},"3":{"name":"setTargetWhitelist","line":36,"loc":{"start":{"line":36,"column":4},"end":{"line":40,"column":4}}},"4":{"name":"preRelayedCall","line":42,"loc":{"start":{"line":42,"column":4},"end":{"line":74,"column":4}}},"5":{"name":"postRelayedCall","line":76,"loc":{"start":{"line":76,"column":4},"end":{"line":84,"column":4}}}},"statementMap":{"1":{"start":{"line":27,"column":8},"end":{"line":27,"column":22}},"2":{"start":{"line":31,"column":8},"end":{"line":31,"column":37}},"3":{"start":{"line":32,"column":8},"end":{"line":32,"column":32}},"4":{"start":{"line":33,"column":8},"end":{"line":33,"column":30}},"5":{"start":{"line":37,"column":8},"end":{"line":37,"column":37}},"6":{"start":{"line":38,"column":8},"end":{"line":38,"column":32}},"7":{"start":{"line":39,"column":8},"end":{"line":39,"column":30}},"8":{"start":{"line":53,"column":8},"end":{"line":53,"column":37}},"9":{"start":{"line":55,"column":8},"end":{"line":55,"column":72}},"10":{"start":{"line":56,"column":8},"end":{"line":56,"column":1515}},"11":{"start":{"line":60,"column":8},"end":{"line":60,"column":1649}},"12":{"start":{"line":61,"column":12},"end":{"line":61,"column":1691}},"13":{"start":{"line":66,"column":8},"end":{"line":66,"column":1830}},"14":{"start":{"line":67,"column":12},"end":{"line":67,"column":1872}},"15":{"start":{"line":72,"column":8},"end":{"line":72,"column":40}},"16":{"start":{"line":73,"column":8},"end":{"line":73,"column":51}},"17":{"start":{"line":83,"column":8},"end":{"line":83,"column":56}}},"branchMap":{"1":{"line":55,"type":"if","locations":[{"start":{"line":55,"column":8},"end":{"line":55,"column":8}},{"start":{"line":55,"column":8},"end":{"line":55,"column":8}}]},"2":{"line":56,"type":"if","locations":[{"start":{"line":56,"column":8},"end":{"line":56,"column":8}},{"start":{"line":56,"column":8},"end":{"line":56,"column":8}}]},"3":{"line":60,"type":"if","locations":[{"start":{"line":60,"column":8},"end":{"line":60,"column":8}},{"start":{"line":60,"column":8},"end":{"line":60,"column":8}}]},"4":{"line":61,"type":"if","locations":[{"start":{"line":61,"column":12},"end":{"line":61,"column":12}},{"start":{"line":61,"column":12},"end":{"line":61,"column":12}}]},"5":{"line":66,"type":"if","locations":[{"start":{"line":66,"column":8},"end":{"line":66,"column":8}},{"start":{"line":66,"column":8},"end":{"line":66,"column":8}}]},"6":{"line":67,"type":"if","locations":[{"start":{"line":67,"column":12},"end":{"line":67,"column":12}},{"start":{"line":67,"column":12},"end":{"line":67,"column":12}}]}}},"contracts/governance/Vault.sol":{"l":{},"path":"/Users/levy/files/projects/ethdev/firewood/common/contracts/governance/Vault.sol","s":{},"b":{},"f":{},"fnMap":{},"statementMap":{},"branchMap":{}},"contracts/multi-signature/GnosisSafeProxy.sol":{"l":{"21":0,"22":0,"28":0},"path":"/Users/levy/files/projects/ethdev/firewood/common/contracts/multi-signature/GnosisSafeProxy.sol","s":{"1":0,"2":0},"b":{"1":[0,0]},"f":{"1":0,"2":0},"fnMap":{"1":{"name":"constructor","line":20,"loc":{"start":{"line":20,"column":4},"end":{"line":23,"column":4}}},"2":{"name":null,"line":26,"loc":{"start":{"line":26,"column":4},"end":{"line":43,"column":4}}}},"statementMap":{"1":{"start":{"line":21,"column":8},"end":{"line":21,"column":78}},"2":{"start":{"line":22,"column":8},"end":{"line":22,"column":29}}},"branchMap":{"1":{"line":21,"type":"if","locations":[{"start":{"line":21,"column":8},"end":{"line":21,"column":8}},{"start":{"line":21,"column":8},"end":{"line":21,"column":8}}]}}},"contracts/multi-signature/GnosisSafeProxyFactory.sol":{"l":{"16":0,"17":0,"19":0,"24":0,"29":0,"34":0,"48":0,"49":0,"51":0,"54":0,"66":0,"67":0,"69":0,"74":0,"88":0,"89":0,"90":0,"104":0,"105":0},"path":"/Users/levy/files/projects/ethdev/firewood/common/contracts/multi-signature/GnosisSafeProxyFactory.sol","s":{"1":0,"2":0,"3":0,"4":0,"5":0,"6":0,"7":0,"8":0,"9":0,"10":0,"11":0,"12":0,"13":0,"14":0,"15":0,"16":0,"17":0},"b":{"1":[0,0],"2":[0,0],"3":[0,0],"4":[0,0]},"f":{"1":0,"2":0,"3":0,"4":0,"5":0,"6":0,"7":0},"fnMap":{"1":{"name":"createProxy","line":15,"loc":{"start":{"line":15,"column":4},"end":{"line":25,"column":4}}},"2":{"name":"proxyRuntimeCode","line":28,"loc":{"start":{"line":28,"column":4},"end":{"line":30,"column":4}}},"3":{"name":"proxyCreationCode","line":33,"loc":{"start":{"line":33,"column":4},"end":{"line":35,"column":4}}},"4":{"name":"deployProxyWithNonce","line":42,"loc":{"start":{"line":42,"column":4},"end":{"line":55,"column":4}}},"5":{"name":"createProxyWithNonce","line":61,"loc":{"start":{"line":61,"column":4},"end":{"line":75,"column":4}}},"6":{"name":"createProxyWithCallback","line":82,"loc":{"start":{"line":82,"column":4},"end":{"line":91,"column":4}}},"7":{"name":"calculateCreateProxyWithNonceAddress","line":99,"loc":{"start":{"line":99,"column":4},"end":{"line":106,"column":4}}}},"statementMap":{"1":{"start":{"line":16,"column":8},"end":{"line":16,"column":45}},"2":{"start":{"line":17,"column":8},"end":{"line":17,"column":860}},"3":{"start":{"line":24,"column":8},"end":{"line":24,"column":44}},"4":{"start":{"line":29,"column":8},"end":{"line":29,"column":48}},"5":{"start":{"line":34,"column":8},"end":{"line":34,"column":49}},"6":{"start":{"line":48,"column":8},"end":{"line":48,"column":85}},"7":{"start":{"line":49,"column":8},"end":{"line":49,"column":120}},"8":{"start":{"line":54,"column":8},"end":{"line":54,"column":67}},"9":{"start":{"line":66,"column":8},"end":{"line":66,"column":71}},"10":{"start":{"line":67,"column":8},"end":{"line":67,"column":3595}},"11":{"start":{"line":74,"column":8},"end":{"line":74,"column":45}},"12":{"start":{"line":88,"column":8},"end":{"line":88,"column":97}},"13":{"start":{"line":89,"column":8},"end":{"line":89,"column":83}},"14":{"start":{"line":90,"column":8},"end":{"line":90,"column":109}},"15":{"start":{"line":90,"column":45},"end":{"line":90,"column":108}},"16":{"start":{"line":104,"column":8},"end":{"line":104,"column":71}},"17":{"start":{"line":105,"column":8},"end":{"line":105,"column":46}}},"branchMap":{"1":{"line":17,"type":"if","locations":[{"start":{"line":17,"column":8},"end":{"line":17,"column":8}},{"start":{"line":17,"column":8},"end":{"line":17,"column":8}}]},"2":{"line":54,"type":"if","locations":[{"start":{"line":54,"column":8},"end":{"line":54,"column":8}},{"start":{"line":54,"column":8},"end":{"line":54,"column":8}}]},"3":{"line":67,"type":"if","locations":[{"start":{"line":67,"column":8},"end":{"line":67,"column":8}},{"start":{"line":67,"column":8},"end":{"line":67,"column":8}}]},"4":{"line":90,"type":"if","locations":[{"start":{"line":90,"column":8},"end":{"line":90,"column":8}},{"start":{"line":90,"column":8},"end":{"line":90,"column":8}}]}}},"contracts/multi-signature/IProxyCreationCallback.sol":{"l":{},"path":"/Users/levy/files/projects/ethdev/firewood/common/contracts/multi-signature/IProxyCreationCallback.sol","s":{},"b":{},"f":{},"fnMap":{},"statementMap":{},"branchMap":{}}}